make all --print-data-base --no-builtin-variables --no-builtin-rules --question
# GNU Make 4.2.1
# Built for x86_64-pc-linux-gnu
# Copyright (C) 1988-2016 Free Software Foundation, Inc.
# License GPLv3+: GNU GPL version 3 or later <http://gnu.org/licenses/gpl.html>
# This is free software: you are free to change and redistribute it.
# There is NO WARRANTY, to the extent permitted by law.

# Make data base, printed on Sun Jul 17 17:45:18 2022

# Variables

# automatic
<D = $(patsubst %/,%,$(dir $<))
# automatic
?F = $(notdir $?)
# environment
DESKTOP_SESSION = ubuntu
# default
.SHELLFLAGS := -c
# environment
XDG_SESSION_CLASS = user
# environment
SNAP_COMMON = /var/snap/code/common
# environment
XDG_SESSION_TYPE = x11
# automatic
?D = $(patsubst %/,%,$(dir $?))
# environment
IM_CONFIG_PHASE = 1
# automatic
@D = $(patsubst %/,%,$(dir $@))
# environment
XAUTHORITY = /home/shreyansh/.Xauthority
# environment
GDMSESSION = ubuntu
# environment
XMODIFIERS = @im=ibus
# makefile
CURDIR := /home/shreyansh/VHDL-AST
# makefile
SHELL = /bin/sh
# environment
SNAP_DATA = /var/snap/code/101
# environment
GDM_LANG = en_US
# environment
VSCODE_NLS_CONFIG = {"locale":"en-gb","availableLanguages":{},"_languagePackSupport":true}
# environment
JOURNAL_STREAM = 8:40888
# environment
XDG_CONFIG_DIRS = /etc/xdg/xdg-ubuntu:/etc/xdg
# environment
SNAP_INSTANCE_NAME = code
# environment
SNAP_ARCH = amd64
# environment
MAVEN_HOME = /opt/maven
# makefile (from 'Makefile', line 1)
MAKEFILE_LIST :=  Makefile
# environment
JAVA_HOME = /usr/lib/jvm/jdk1.7.0
# automatic
@F = $(notdir $@)
# environment
GIO_LAUNCHED_DESKTOP_FILE = /var/lib/snapd/desktop/applications/code_code.desktop
# 'override' directive
GNUMAKEFLAGS := 
# environment
XDG_DATA_DIRS = /usr/share/ubuntu:/usr/local/share:/usr/share:/var/lib/snapd/desktop
# environment
DBUS_SESSION_BUS_ADDRESS = unix:path=/run/user/1000/bus
# environment
_ = /snap/code/101/usr/share/code/code
# environment
MANAGERPID = 3143
# environment
LESSOPEN = | /usr/bin/lesspipe %s
# environment
VSCODE_CWD = /home/shreyansh
# environment
XDG_SESSION_PATH = /org/freedesktop/DisplayManager/Session0
# environment
GSETTINGS_SCHEMA_DIR = /snap/code/101/usr/share/glib-2.0/schemas
# default
MAKE_HOST := x86_64-pc-linux-gnu
# environment
PATH = /home/shreyansh/.local/bin:/opt/maven/bin:/opt/maven/bin:/usr/local/sbin:/usr/local/bin:/usr/sbin:/usr/bin:/sbin:/bin:/usr/games:/usr/local/games:/snap/bin:/usr/lib/jvm/java-17-oracle/bin:/usr/lib/jvm/java-17-oracle/db/bin:/home/shreyansh/bin:/usr/lib/jvm/jdk1.7.0/bin
# environment
GPG_AGENT_INFO = /run/user/1000/gnupg/S.gpg-agent:0:1
# environment
SESSION_MANAGER = local/shreyansh-HP-Pavilion-Laptop-14-ce3xxx:@/tmp/.ICE-unix/3484,unix/shreyansh-HP-Pavilion-Laptop-14-ce3xxx:/tmp/.ICE-unix/3484
# environment
XDG_RUNTIME_DIR = /run/user/1000
# environment
GDK_PIXBUF_MODULE_FILE = /home/shreyansh/snap/code/common/.cache/gdk-pixbuf-loaders.cache
# environment
SNAP = /snap/code/101
# environment
SNAP_VERSION = b06ae3b2
# environment
XDG_MENU_PREFIX = gnome-
# environment
DISABLE_WAYLAND = 1
# environment
ELECTRON_RUN_AS_NODE = 1
# environment
INVOCATION_ID = d95db53da63e49079b80bc5a01d6e2d2
# environment
GDK_PIXBUF_MODULEDIR = /snap/code/101/usr/lib/x86_64-linux-gnu/gdk-pixbuf-2.0/2.10.0/loaders
# default
.FEATURES := target-specific order-only second-expansion else-if shortest-stem undefine oneshell archives jobserver output-sync check-symlink load
# environment
XDG_GREETER_DATA_DIR = /var/lib/lightdm-data/shreyansh
# environment
LS_COLORS = 
# environment
XDG_SESSION_DESKTOP = ubuntu
# environment
SSH_AUTH_SOCK = /run/user/1000/keyring/ssh
# environment
GIO_LAUNCHED_DESKTOP_FILE_PID = 261908
# automatic
%F = $(notdir $%)
# environment
DISPLAY = :0
# environment
SNAP_INSTANCE_KEY = 
# environment
PWD = /home/shreyansh/VHDL-AST
# default
.LOADED := 
# environment
SSH_AGENT_PID = 3445
# environment
ORIGINAL_XDG_CURRENT_DESKTOP = ubuntu:GNOME
# environment
GTK_MODULES = gail:atk-bridge
# environment
VSCODE_AMD_ENTRYPOINT = vs/workbench/api/node/extensionHostProcess
# environment
HOME = /home/shreyansh
# environment
LESSCLOSE = /usr/bin/lesspipe %s %s
# environment
J2REDIR = /usr/lib/jvm/java-17-oracle
# environment
VSCODE_CLI = 1
# environment
VSCODE_CODE_CACHE_PATH = /home/shreyansh/.config/Code/CachedData/b06ae3b2d2dbfe28bca3134cc6be65935cdfea6a
# environment
LOGNAME = shreyansh
# environment
APPLICATION_INSIGHTS_NO_DIAGNOSTIC_CHANNEL = 1
# environment
SNAP_LIBRARY_PATH = /var/lib/snapd/lib/gl:/var/lib/snapd/lib/gl32:/var/lib/snapd/void
# environment
SNAP_CONTEXT = sUmMMkaW98xihqiQIUQKXBDnTC-3u-o6EVzjTxDqFS3Ov-L27lA8
# environment
J2SDKDIR = /usr/lib/jvm/java-17-oracle
# environment
ELECTRON_NO_ATTACH_CONSOLE = 1
# environment
M2_HOME = /opt/maven
# environment
SNAP_USER_COMMON = /home/shreyansh/snap/code/common
# environment
VSCODE_HANDLES_UNCAUGHT_ERRORS = true
# environment
GNOME_DESKTOP_SESSION_ID = this-is-deprecated
# automatic
^D = $(patsubst %/,%,$(dir $^))
# environment
MAKELEVEL := 0
# environment
SNAP_REAL_HOME = /home/shreyansh
# default
MAKE = $(MAKE_COMMAND)
# default
MAKECMDGOALS := all
# environment
QT_IM_MODULE = ibus
# environment
SNAP_USER_DATA = /home/shreyansh/snap/code/101
# environment
SHLVL = 0
# environment
GNOME_SHELL_SESSION_MODE = ubuntu
# default
MAKE_VERSION := 4.2.1
# environment
USER = shreyansh
# environment
SNAP_REVISION = 101
# makefile
.DEFAULT_GOAL := all
# environment
XDG_CURRENT_DESKTOP = Unity
# environment
CLASSPATH = /home/shreyansh/antlr-3.3-complete.jar:/home/shreyansh/antlr-3.3-complete.jar:
# automatic
%D = $(patsubst %/,%,$(dir $%))
# default
MAKE_COMMAND := make
# default
.VARIABLES := 
# automatic
*F = $(notdir $*)
# environment
LANGUAGE = en_IN:en
# environment
XDG_SEAT_PATH = /org/freedesktop/DisplayManager/Seat0
# environment
VSCODE_IPC_HOOK = /run/user/1000/vscode-c2b06e55-1.69.1-main.sock
# environment
BAMF_DESKTOP_FILE_HINT = /var/lib/snapd/desktop/applications/code_code.desktop
# makefile
MAKEFLAGS = pqrR
# environment
MFLAGS = -pqrR
# automatic
*D = $(patsubst %/,%,$(dir $*))
# automatic
+D = $(patsubst %/,%,$(dir $+))
# environment
GDK_BACKEND = x11
# automatic
+F = $(notdir $+)
# environment
NO_AT_BRIDGE = 1
# environment
QT_ACCESSIBILITY = 1
# default
MAKEFILES := 
# environment
SNAP_COOKIE = sUmMMkaW98xihqiQIUQKXBDnTC-3u-o6EVzjTxDqFS3Ov-L27lA8
# automatic
<F = $(notdir $<)
# environment
SNAP_NAME = code
# environment
LC_ALL = C
# environment
GJS_DEBUG_TOPICS = JS ERROR;JS LOG
# automatic
^F = $(notdir $^)
# default
SUFFIXES := 
# environment
SNAP_REEXEC = 
# environment
CHROME_DESKTOP = code-url-handler.desktop
# default
.INCLUDE_DIRS = /usr/include /usr/local/include /usr/include
# environment
GJS_DEBUG_OUTPUT = stderr
# environment
DERBY_HOME = /usr/lib/jvm/java-17-oracle/db
# default
.RECIPEPREFIX := 
# environment
LANG = C
# environment
VSCODE_PID = 259839
# variable set hash-table stats:
# Load=126/1024=12%, Rehash=0, Collisions=14/154=9%

# Pattern-specific Variable Values

# No pattern-specific variable values.

# Directories

# . (device 2050, inode 24921272): 26 files, no impossibilities.

# 26 files, no impossibilities in 1 directories.

# Implicit Rules

# No implicit rules.
 

# Files

all: VHDL_lex.lex VHDL_yacc.yacc VHDL_mlton.mlb
#  Command line target.
#  Implicit rule search has not been done.
#  Implicit/static pattern stem: ''
#  File does not exist.
#  File has been updated.
#  Needs to be updated (-q is set).
# automatic
# @ := all
# automatic
# % := 
# automatic
# * := 
# automatic
# + := VHDL_lex.lex VHDL_yacc.yacc VHDL_mlton.mlb
# automatic
# | := 
# automatic
# < := VHDL_lex.lex
# automatic
# ^ := VHDL_lex.lex VHDL_yacc.yacc VHDL_mlton.mlb
# automatic
# ? := VHDL_lex.lex VHDL_yacc.yacc VHDL_mlton.mlb
# variable set hash-table stats:
# Load=8/32=25%, Rehash=0, Collisions=1/11=9%
#  recipe to execute (from 'Makefile', line 2):
	mllex VHDL_lex.lex
	mlyacc VHDL_yacc.yacc
	mlton VHDL_mlton.mlb

# Not a target:
.SUFFIXES:
#  Implicit rule search has not been done.
#  Modification time never checked.
#  File has not been updated.

# Not a target:
Makefile:
#  Implicit rule search has been done.
#  Last modified 2022-07-17 17:45:10.062276069
#  File has been updated.
#  Successfully updated.

# Not a target:
.DEFAULT:
#  Implicit rule search has not been done.
#  Modification time never checked.
#  File has not been updated.

clean:
#  Implicit rule search has not been done.
#  Modification time never checked.
#  File has not been updated.
#  recipe to execute (from 'Makefile', line 6):
	rm VHDL_lex.lex.sml VHDL_yacc.yacc.sig VHDL_yacc.yacc.sml

# Not a target:
VHDL_yacc.yacc:
#  Implicit rule search has been done.
#  Last modified 2022-07-17 17:45:10.082276111
#  File has been updated.
#  Successfully updated.

# Not a target:
VHDL_mlton.mlb:
#  Implicit rule search has been done.
#  Last modified 2022-07-17 17:45:10.082276111
#  File has been updated.
#  Successfully updated.

# Not a target:
VHDL_lex.lex:
#  Implicit rule search has been done.
#  Last modified 2022-07-17 17:45:10.082276111
#  File has been updated.
#  Successfully updated.

# files hash-table stats:
# Load=8/1024=1%, Rehash=0, Collisions=0/23=0%
# VPATH Search Paths

# No 'vpath' search paths.

# No general ('VPATH' variable) search path.

# strcache buffers: 1 (0) / strings = 32 / storage = 338 B / avg = 10 B
# current buf: size = 8162 B / used = 338 B / count = 32 / avg = 10 B

# strcache performance: lookups = 43 / hit rate = 25%
# hash-table stats:
# Load=32/8192=0%, Rehash=0, Collisions=5/43=12%
# Finished Make data base on Sun Jul 17 17:45:18 2022

 
